> Task :compileJava UP-TO-DATE
> Task :processResources UP-TO-DATE
> Task :classes UP-TO-DATE
> Task :resolveMainClassName UP-TO-DATE

> Task :bootRun
Standard Commons Logging discovery in action with spring-jcl: please remove commons-logging.jar from classpath in order to avoid potential conflicts

  .   ____          _            __ _ _
 /\\ / ___'_ __ _ _(_)_ __  __ _ \ \ \ \
( ( )\___ | '_ | '_| | '_ \/ _` | \ \ \ \
 \\/  ___)| |_)| | | | | || (_| |  ) ) ) )
  '  |____| .__|_| |_|_| |_\__, | / / / /
 =========|_|==============|___/=/_/_/_/

[32m :: Spring Boot :: [39m              [2m (v3.5.0)[0;39m

2025-10-29 16:28:53.569 [main] INFO  pluto.upik.UpikApplication - Starting UpikApplication using Java 21.0.4 with PID 10608 (/Users/heodongun/Desktop/upikthirds-master/build/classes/java/main started by heodongun in /Users/heodongun/Desktop/upikthirds-master)
2025-10-29 16:28:53.571 [main] INFO  pluto.upik.UpikApplication - No active profile set, falling back to 1 default profile: "default"
2025-10-29 16:28:54.142 [main] INFO  o.s.d.r.c.RepositoryConfigurationDelegate - Multiple Spring Data modules found, entering strict repository configuration mode
2025-10-29 16:28:54.143 [main] INFO  o.s.d.r.c.RepositoryConfigurationDelegate - Bootstrapping Spring Data Elasticsearch repositories in DEFAULT mode.
2025-10-29 16:28:54.162 [main] INFO  o.s.d.r.c.RepositoryConfigurationExtensionSupport - Spring Data Elasticsearch - Could not safely identify store assignment for repository candidate interface pluto.upik.domain.guide.repository.GuideAndUserRepository; If you want this repository to be a Elasticsearch repository, consider annotating your entities with one of these annotations: org.springframework.data.elasticsearch.annotations.Document (preferred), or consider extending one of the following types with your repository: org.springframework.data.elasticsearch.repository.ElasticsearchRepository
2025-10-29 16:28:54.292 [main] INFO  o.s.d.r.c.RepositoryConfigurationExtensionSupport - Spring Data Elasticsearch - Could not safely identify store assignment for repository candidate interface pluto.upik.domain.guide.repository.GuideRepository; If you want this repository to be a Elasticsearch repository, consider annotating your entities with one of these annotations: org.springframework.data.elasticsearch.annotations.Document (preferred), or consider extending one of the following types with your repository: org.springframework.data.elasticsearch.repository.ElasticsearchRepository
2025-10-29 16:28:54.293 [main] INFO  o.s.d.r.c.RepositoryConfigurationExtensionSupport - Spring Data Elasticsearch - Could not safely identify store assignment for repository candidate interface pluto.upik.domain.guide.repository.GuideRepositoryFixed; If you want this repository to be a Elasticsearch repository, consider annotating your entities with one of these annotations: org.springframework.data.elasticsearch.annotations.Document (preferred), or consider extending one of the following types with your repository: org.springframework.data.elasticsearch.repository.ElasticsearchRepository
2025-10-29 16:28:54.303 [main] INFO  o.s.d.r.c.RepositoryConfigurationDelegate - Finished Spring Data repository scanning in 156 ms. Found 1 Elasticsearch repository interface.
2025-10-29 16:28:54.509 [main] INFO  o.s.d.r.c.RepositoryConfigurationDelegate - Multiple Spring Data modules found, entering strict repository configuration mode
2025-10-29 16:28:54.509 [main] INFO  o.s.d.r.c.RepositoryConfigurationDelegate - Bootstrapping Spring Data Reactive Elasticsearch repositories in DEFAULT mode.
2025-10-29 16:28:54.544 [main] INFO  o.s.d.r.c.RepositoryConfigurationExtensionSupport - Spring Data Reactive Elasticsearch - Could not safely identify store assignment for repository candidate interface pluto.upik.domain.aiquota.repository.AIUsageQuotaRepository; If you want this repository to be a Reactive Elasticsearch repository, consider annotating your entities with one of these annotations: org.springframework.data.elasticsearch.annotations.Document (preferred), or consider extending one of the following types with your repository: org.springframework.data.elasticsearch.repository.ReactiveElasticsearchRepository
2025-10-29 16:28:54.544 [main] INFO  o.s.d.r.c.RepositoryConfigurationExtensionSupport - Spring Data Reactive Elasticsearch - Could not safely identify store assignment for repository candidate interface pluto.upik.domain.board.repository.BoardLikeRepository; If you want this repository to be a Reactive Elasticsearch repository, consider annotating your entities with one of these annotations: org.springframework.data.elasticsearch.annotations.Document (preferred), or consider extending one of the following types with your repository: org.springframework.data.elasticsearch.repository.ReactiveElasticsearchRepository
2025-10-29 16:28:54.545 [main] INFO  o.s.d.r.c.RepositoryConfigurationExtensionSupport - Spring Data Reactive Elasticsearch - Could not safely identify store assignment for repository candidate interface pluto.upik.domain.board.repository.BoardRepository; If you want this repository to be a Reactive Elasticsearch repository, consider annotating your entities with one of these annotations: org.springframework.data.elasticsearch.annotations.Document (preferred), or consider extending one of the following types with your repository: org.springframework.data.elasticsearch.repository.ReactiveElasticsearchRepository
2025-10-29 16:28:54.545 [main] INFO  o.s.d.r.c.RepositoryConfigurationExtensionSupport - Spring Data Reactive Elasticsearch - Could not safely identify store assignment for repository candidate interface pluto.upik.domain.board.repository.CommentLikeRepository; If you want this repository to be a Reactive Elasticsearch repository, consider annotating your entities with one of these annotations: org.springframework.data.elasticsearch.annotations.Document (preferred), or consider extending one of the following types with your repository: org.springframework.data.elasticsearch.repository.ReactiveElasticsearchRepository
2025-10-29 16:28:54.546 [main] INFO  o.s.d.r.c.RepositoryConfigurationExtensionSupport - Spring Data Reactive Elasticsearch - Could not safely identify store assignment for repository candidate interface pluto.upik.domain.board.repository.CommentRepository; If you want this repository to be a Reactive Elasticsearch repository, consider annotating your entities with one of these annotations: org.springframework.data.elasticsearch.annotations.Document (preferred), or consider extending one of the following types with your repository: org.springframework.data.elasticsearch.repository.ReactiveElasticsearchRepository
2025-10-29 16:28:54.547 [main] INFO  o.s.d.r.c.RepositoryConfigurationExtensionSupport - Spring Data Reactive Elasticsearch - Could not safely identify store assignment for repository candidate interface pluto.upik.domain.bookmark.repository.BookmarkRepository; If you want this repository to be a Reactive Elasticsearch repository, consider annotating your entities with one of these annotations: org.springframework.data.elasticsearch.annotations.Document (preferred), or consider extending one of the following types with your repository: org.springframework.data.elasticsearch.repository.ReactiveElasticsearchRepository
2025-10-29 16:28:54.547 [main] INFO  o.s.d.r.c.RepositoryConfigurationExtensionSupport - Spring Data Reactive Elasticsearch - Could not safely identify store assignment for repository candidate interface pluto.upik.domain.guide.repository.GuideAndUserRepository; If you want this repository to be a Reactive Elasticsearch repository, consider annotating your entities with one of these annotations: org.springframework.data.elasticsearch.annotations.Document (preferred), or consider extending one of the following types with your repository: org.springframework.data.elasticsearch.repository.ReactiveElasticsearchRepository
2025-10-29 16:28:54.549 [main] INFO  o.s.d.r.c.RepositoryConfigurationExtensionSupport - Spring Data Reactive Elasticsearch - Could not safely identify store assignment for repository candidate interface pluto.upik.domain.guide.repository.GuideRepository; If you want this repository to be a Reactive Elasticsearch repository, consider annotating your entities with one of these annotations: org.springframework.data.elasticsearch.annotations.Document (preferred), or consider extending one of the following types with your repository: org.springframework.data.elasticsearch.repository.ReactiveElasticsearchRepository
2025-10-29 16:28:54.549 [main] INFO  o.s.d.r.c.RepositoryConfigurationExtensionSupport - Spring Data Reactive Elasticsearch - Could not safely identify store assignment for repository candidate interface pluto.upik.domain.guide.repository.GuideRepositoryFixed; If you want this repository to be a Reactive Elasticsearch repository, consider annotating your entities with one of these annotations: org.springframework.data.elasticsearch.annotations.Document (preferred), or consider extending one of the following types with your repository: org.springframework.data.elasticsearch.repository.ReactiveElasticsearchRepository
2025-10-29 16:28:54.549 [main] INFO  o.s.d.r.c.RepositoryConfigurationExtensionSupport - Spring Data Reactive Elasticsearch - Could not safely identify store assignment for repository candidate interface pluto.upik.domain.notification.repository.NotificationRepository; If you want this repository to be a Reactive Elasticsearch repository, consider annotating your entities with one of these annotations: org.springframework.data.elasticsearch.annotations.Document (preferred), or consider extending one of the following types with your repository: org.springframework.data.elasticsearch.repository.ReactiveElasticsearchRepository
2025-10-29 16:28:54.550 [main] INFO  o.s.d.r.c.RepositoryConfigurationExtensionSupport - Spring Data Reactive Elasticsearch - Could not safely identify store assignment for repository candidate interface pluto.upik.domain.option.repository.OptionRepository; If you want this repository to be a Reactive Elasticsearch repository, consider annotating your entities with one of these annotations: org.springframework.data.elasticsearch.annotations.Document (preferred), or consider extending one of the following types with your repository: org.springframework.data.elasticsearch.repository.ReactiveElasticsearchRepository
2025-10-29 16:28:54.550 [main] INFO  o.s.d.r.c.RepositoryConfigurationExtensionSupport - Spring Data Reactive Elasticsearch - Could not safely identify store assignment for repository candidate interface pluto.upik.domain.report.repository.ReportRepository; If you want this repository to be a Reactive Elasticsearch repository, consider annotating your entities with one of these annotations: org.springframework.data.elasticsearch.annotations.Document (preferred), or consider extending one of the following types with your repository: org.springframework.data.elasticsearch.repository.ReactiveElasticsearchRepository
2025-10-29 16:28:54.551 [main] INFO  o.s.d.r.c.RepositoryConfigurationExtensionSupport - Spring Data Reactive Elasticsearch - Could not safely identify store assignment for repository candidate interface pluto.upik.domain.revote.repository.RevoteRequestRepository; If you want this repository to be a Reactive Elasticsearch repository, consider annotating your entities with one of these annotations: org.springframework.data.elasticsearch.annotations.Document (preferred), or consider extending one of the following types with your repository: org.springframework.data.elasticsearch.repository.ReactiveElasticsearchRepository
2025-10-29 16:28:54.552 [main] INFO  o.s.d.r.c.RepositoryConfigurationExtensionSupport - Spring Data Reactive Elasticsearch - Could not safely identify store assignment for repository candidate interface pluto.upik.domain.tail.repository.TailRepository; If you want this repository to be a Reactive Elasticsearch repository, consider annotating your entities with one of these annotations: org.springframework.data.elasticsearch.annotations.Document (preferred), or consider extending one of the following types with your repository: org.springframework.data.elasticsearch.repository.ReactiveElasticsearchRepository
2025-10-29 16:28:54.552 [main] INFO  o.s.d.r.c.RepositoryConfigurationExtensionSupport - Spring Data Reactive Elasticsearch - Could not safely identify store assignment for repository candidate interface pluto.upik.domain.tail.repository.TailResponseRepository; If you want this repository to be a Reactive Elasticsearch repository, consider annotating your entities with one of these annotations: org.springframework.data.elasticsearch.annotations.Document (preferred), or consider extending one of the following types with your repository: org.springframework.data.elasticsearch.repository.ReactiveElasticsearchRepository
2025-10-29 16:28:54.553 [main] INFO  o.s.d.r.c.RepositoryConfigurationExtensionSupport - Spring Data Reactive Elasticsearch - Could not safely identify store assignment for repository candidate interface pluto.upik.domain.vote.repository.VoteRepository; If you want this repository to be a Reactive Elasticsearch repository, consider annotating your entities with one of these annotations: org.springframework.data.elasticsearch.annotations.Document (preferred), or consider extending one of the following types with your repository: org.springframework.data.elasticsearch.repository.ReactiveElasticsearchRepository
2025-10-29 16:28:54.553 [main] INFO  o.s.d.r.c.RepositoryConfigurationExtensionSupport - Spring Data Reactive Elasticsearch - Could not safely identify store assignment for repository candidate interface pluto.upik.domain.voteResponse.repository.VoteResponseRepository; If you want this repository to be a Reactive Elasticsearch repository, consider annotating your entities with one of these annotations: org.springframework.data.elasticsearch.annotations.Document (preferred), or consider extending one of the following types with your repository: org.springframework.data.elasticsearch.repository.ReactiveElasticsearchRepository
2025-10-29 16:28:54.554 [main] INFO  o.s.d.r.c.RepositoryConfigurationExtensionSupport - Spring Data Reactive Elasticsearch - Could not safely identify store assignment for repository candidate interface pluto.upik.shared.oauth2jwt.repository.AccessTokenCodeRepository; If you want this repository to be a Reactive Elasticsearch repository, consider annotating your entities with one of these annotations: org.springframework.data.elasticsearch.annotations.Document (preferred), or consider extending one of the following types with your repository: org.springframework.data.elasticsearch.repository.ReactiveElasticsearchRepository
2025-10-29 16:28:54.554 [main] INFO  o.s.d.r.c.RepositoryConfigurationExtensionSupport - Spring Data Reactive Elasticsearch - Could not safely identify store assignment for repository candidate interface pluto.upik.shared.oauth2jwt.repository.RefreshTokenCodeRepository; If you want this repository to be a Reactive Elasticsearch repository, consider annotating your entities with one of these annotations: org.springframework.data.elasticsearch.annotations.Document (preferred), or consider extending one of the following types with your repository: org.springframework.data.elasticsearch.repository.ReactiveElasticsearchRepository
2025-10-29 16:28:54.555 [main] INFO  o.s.d.r.c.RepositoryConfigurationExtensionSupport - Spring Data Reactive Elasticsearch - Could not safely identify store assignment for repository candidate interface pluto.upik.shared.oauth2jwt.repository.RefreshTokenRepository; If you want this repository to be a Reactive Elasticsearch repository, consider annotating your entities with one of these annotations: org.springframework.data.elasticsearch.annotations.Document (preferred), or consider extending one of the following types with your repository: org.springframework.data.elasticsearch.repository.ReactiveElasticsearchRepository
2025-10-29 16:28:54.555 [main] INFO  o.s.d.r.c.RepositoryConfigurationExtensionSupport - Spring Data Reactive Elasticsearch - Could not safely identify store assignment for repository candidate interface pluto.upik.shared.oauth2jwt.repository.UserRepository; If you want this repository to be a Reactive Elasticsearch repository, consider annotating your entities with one of these annotations: org.springframework.data.elasticsearch.annotations.Document (preferred), or consider extending one of the following types with your repository: org.springframework.data.elasticsearch.repository.ReactiveElasticsearchRepository
2025-10-29 16:28:54.555 [main] INFO  o.s.d.r.c.RepositoryConfigurationDelegate - Finished Spring Data repository scanning in 44 ms. Found 0 Reactive Elasticsearch repository interfaces.
2025-10-29 16:28:54.561 [main] INFO  o.s.d.r.c.RepositoryConfigurationDelegate - Multiple Spring Data modules found, entering strict repository configuration mode
2025-10-29 16:28:54.562 [main] INFO  o.s.d.r.c.RepositoryConfigurationDelegate - Bootstrapping Spring Data JPA repositories in DEFAULT mode.
2025-10-29 16:28:54.577 [main] INFO  o.s.d.r.c.RepositoryConfigurationExtensionSupport - Spring Data JPA - Could not safely identify store assignment for repository candidate interface pluto.upik.domain.guide.repository.GuideElasticsearchRepository; If you want this repository to be a JPA repository, consider annotating your entities with one of these annotations: jakarta.persistence.Entity, jakarta.persistence.MappedSuperclass (preferred), or consider extending one of the following types with your repository: org.springframework.data.jpa.repository.JpaRepository
2025-10-29 16:28:54.600 [main] INFO  o.s.d.r.c.RepositoryConfigurationDelegate - Finished Spring Data repository scanning in 35 ms. Found 21 JPA repository interfaces.
2025-10-29 16:28:55.267 [main] INFO  o.s.b.w.e.tomcat.TomcatWebServer - Tomcat initialized with port 8080 (http)
2025-10-29 16:28:55.286 [main] INFO  o.a.coyote.http11.Http11NioProtocol - Initializing ProtocolHandler ["http-nio-8080"]
2025-10-29 16:28:55.288 [main] INFO  o.a.catalina.core.StandardService - Starting service [Tomcat]
2025-10-29 16:28:55.288 [main] INFO  o.a.catalina.core.StandardEngine - Starting Servlet engine: [Apache Tomcat/10.1.41]
2025-10-29 16:28:55.359 [main] INFO  o.a.c.c.C.[Tomcat].[localhost].[/] - Initializing Spring embedded WebApplicationContext
2025-10-29 16:28:55.360 [main] INFO  o.s.b.w.s.c.ServletWebServerApplicationContext - Root WebApplicationContext: initialization completed in 1755 ms
Standard Commons Logging discovery in action with spring-jcl: please remove commons-logging.jar from classpath in order to avoid potential conflicts
2025-10-29 16:28:55.749 [main] INFO  o.s.o.j.p.SpringPersistenceUnitInfo - No LoadTimeWeaver setup: ignoring JPA class transformer
2025-10-29 16:28:55.769 [main] INFO  com.zaxxer.hikari.HikariDataSource - HikariPool-1 - Starting...
2025-10-29 16:28:56.006 [main] INFO  com.zaxxer.hikari.pool.HikariPool - HikariPool-1 - Added connection org.mariadb.jdbc.Connection@4fef4f96
2025-10-29 16:28:56.008 [main] INFO  com.zaxxer.hikari.HikariDataSource - HikariPool-1 - Start completed.
2025-10-29 16:28:57.088 [main] INFO  o.s.o.j.LocalContainerEntityManagerFactoryBean - Initialized JPA EntityManagerFactory for persistence unit 'default'
2025-10-29 16:28:57.261 [main] INFO  o.s.d.j.r.query.QueryEnhancerFactory - Hibernate is in classpath; If applicable, HQL parser will be used.
2025-10-29 16:28:57.897 [main] INFO  p.u.s.filter.BadWordFilterService - BadWordFilterService initialized with 91 words and 6 patterns
2025-10-29 16:28:59.061 [main] WARN  c.g.cloud.translate.TranslateOptions - Ignoring Application Default Credentials GOOGLE_APPLICATION_CREDENTIALS: using explicit setting for API key instead.
2025-10-29 16:28:59.339 [main] WARN  o.s.b.a.o.j.JpaBaseConfiguration$JpaWebConfiguration - spring.jpa.open-in-view is enabled by default. Therefore, database queries may be performed during view rendering. Explicitly configure spring.jpa.open-in-view to disable this warning
2025-10-29 16:28:59.898 [main] INFO  o.s.g.e.DefaultSchemaResourceGraphQlSourceBuilder - Loaded 17 resource(s) in the GraphQL schema.
2025-10-29 16:29:00.056 [main] INFO  o.s.b.a.g.GraphQlAutoConfiguration - GraphQL schema inspection:
	Unmapped fields: {NotificationQuery=[getNotifications, getUnreadNotificationCount], BookmarkQuery=[getBookmarks, isBookmarked, getBookmarkCount, getGuidesSortedByBookmarkCount], RevoteQuery=[getRevoteRequestsByGuideId, getMyRevoteRequests, hasUserRequestedRevote, getRevoteStatistics], Board=[userProfileImage], Comment=[userProfileImage], GuideMutation=[getUserCreatedGuides], NotificationMutation=[markAllNotificationsAsRead], RevoteMutation=[approveRevoteRequest, rejectRevoteRequest, bulkApproveRevoteRequests, bulkRejectRevoteRequests, executeRevote], Mutation=[optionGenerator]}
	Unmapped registrations: {AIQuotaQuery.getRemainingQuota=AIQuotaQueryResolver#getRemainingQuota[1 args], Mutation.reportMutation=ReportRootResolver#reportMutation[0 args], RevoteQuery.getRevotesByGuideId=RevoteQueryResolver#getRevotesByGuideId[3 args], RevoteQuery.hasUserRevotedGuide=RevoteQueryResolver#hasUserRevotedGuide[3 args]}
	Unmapped arguments: {}
	Skipped types: [KeywordGuideQuery, VoteResponseQuery, OptionGeneratorQuery, VoteResponseMutation]
2025-10-29 16:29:00.080 [main] INFO  o.s.b.a.g.s.GraphQlWebMvcAutoConfiguration - GraphQL endpoint HTTP POST /graphql
2025-10-29 16:29:00.718 [main] INFO  o.a.coyote.http11.Http11NioProtocol - Starting ProtocolHandler ["http-nio-8080"]
2025-10-29 16:29:00.726 [main] INFO  o.s.b.w.e.tomcat.TomcatWebServer - Tomcat started on port 8080 (http) with context path '/'
2025-10-29 16:29:00.736 [main] INFO  pluto.upik.UpikApplication - Started UpikApplication in 7.514 seconds (process running for 7.753)
2025-10-29 16:29:00.738 [main] INFO  p.u.d.g.c.ElasticsearchIndexInitializer - ì• í”Œë¦¬ì¼€ì´ì…˜ ì‹œìž‘ í›„ ì—˜ë¼ìŠ¤í‹±ì„œì¹˜ ì¸ë±ìŠ¤ ì´ˆê¸°í™” ì‹œìž‘
2025-10-29 16:29:00.887 [main] INFO  p.u.d.g.s.ElasticSearchGuideService - ê°€ì´ë“œ ì¸ë±ì‹± ì‹œìž‘ - ì´ ê°€ì´ë“œ ìˆ˜: 28
2025-10-29 16:29:01.009 [main] INFO  p.u.d.g.s.ElasticSearchGuideService - ì „ì²´ ê°€ì´ë“œ ì¸ë±ì‹± ì™„ë£Œ - ê°€ì´ë“œ ìˆ˜: 28
2025-10-29 16:29:01.050 [main] INFO  p.u.d.g.c.ElasticsearchIndexInitializer - ì—˜ë¼ìŠ¤í‹±ì„œì¹˜ ì¸ë±ìŠ¤ ì´ˆê¸°í™” ì™„ë£Œ
2025-10-29 16:29:27.355 [http-nio-8080-exec-1] INFO  o.a.c.c.C.[Tomcat].[localhost].[/] - Initializing Spring DispatcherServlet 'dispatcherServlet'
2025-10-29 16:29:27.355 [http-nio-8080-exec-1] INFO  o.s.web.servlet.DispatcherServlet - Initializing Servlet 'dispatcherServlet'
2025-10-29 16:29:27.360 [http-nio-8080-exec-1] INFO  o.s.web.servlet.DispatcherServlet - Completed initialization in 5 ms
accessToken = null
accessToken = null
2025-10-29 16:29:27.490 [http-nio-8080-exec-1] INFO  p.u.d.g.r.GuideRootQueryResolver - GraphQL ê°€ì´ë“œ ì¿¼ë¦¬ ë£¨íŠ¸ ì§„ìž…ì  í˜¸ì¶œ
2025-10-29 16:29:27.496 [http-nio-8080-exec-1] INFO  p.u.d.g.resolver.GuideQueryResolver - getAllGuides ì¿¼ë¦¬ ìš”ì²­ - page: 0, size: 5, sortBy: bookmark
2025-10-29 16:29:27.496 [http-nio-8080-exec-1] INFO  p.u.d.g.service.GuideQueryService - ëª¨ë“  ê°€ì´ë“œ ì¡°íšŒ ìš”ì²­ - page: 0, size: 5, sortBy: bookmark
2025-10-29 16:29:27.615 [http-nio-8080-exec-1] INFO  p.u.d.g.service.GuideQueryService - ëª¨ë“  ê°€ì´ë“œ ì¡°íšŒ ì™„ë£Œ - ì´ ê°€ì´ë“œ ìˆ˜: 28, ì´ íŽ˜ì´ì§€ ìˆ˜: 6, í˜„ìž¬ íŽ˜ì´ì§€: 0
accessToken = null
accessToken = null
2025-10-29 16:29:27.650 [http-nio-8080-exec-2] INFO  p.u.d.g.r.GuideRootQueryResolver - GraphQL ê°€ì´ë“œ ì¿¼ë¦¬ ë£¨íŠ¸ ì§„ìž…ì  í˜¸ì¶œ
2025-10-29 16:29:27.650 [http-nio-8080-exec-2] INFO  p.u.d.g.resolver.GuideQueryResolver - getAllGuides ì¿¼ë¦¬ ìš”ì²­ - page: 10, size: 5, sortBy: bookmark
2025-10-29 16:29:27.650 [http-nio-8080-exec-2] INFO  p.u.d.g.service.GuideQueryService - ëª¨ë“  ê°€ì´ë“œ ì¡°íšŒ ìš”ì²­ - page: 10, size: 5, sortBy: bookmark
2025-10-29 16:29:27.693 [http-nio-8080-exec-2] INFO  p.u.d.g.service.GuideQueryService - ëª¨ë“  ê°€ì´ë“œ ì¡°íšŒ ì™„ë£Œ - ì´ ê°€ì´ë“œ ìˆ˜: 28, ì´ íŽ˜ì´ì§€ ìˆ˜: 6, í˜„ìž¬ íŽ˜ì´ì§€: 10
accessToken = null
accessToken = null
2025-10-29 16:29:27.710 [http-nio-8080-exec-4] INFO  p.u.d.g.r.GuideRootQueryResolver - GraphQL ê°€ì´ë“œ ì¿¼ë¦¬ ë£¨íŠ¸ ì§„ìž…ì  í˜¸ì¶œ
2025-10-29 16:29:27.710 [http-nio-8080-exec-4] INFO  p.u.d.g.resolver.GuideQueryResolver - getAllGuides ì¿¼ë¦¬ ìš”ì²­ - page: 0, size: 3, sortBy: date
2025-10-29 16:29:27.710 [http-nio-8080-exec-4] INFO  p.u.d.g.service.GuideQueryService - ëª¨ë“  ê°€ì´ë“œ ì¡°íšŒ ìš”ì²­ - page: 0, size: 3, sortBy: date
2025-10-29 16:29:27.761 [http-nio-8080-exec-4] INFO  p.u.d.g.service.GuideQueryService - ëª¨ë“  ê°€ì´ë“œ ì¡°íšŒ ì™„ë£Œ - ì´ ê°€ì´ë“œ ìˆ˜: 28, ì´ íŽ˜ì´ì§€ ìˆ˜: 10, í˜„ìž¬ íŽ˜ì´ì§€: 0
accessToken = null
accessToken = null
2025-10-29 16:29:48.392 [http-nio-8080-exec-6] INFO  p.u.d.g.r.GuideRootQueryResolver - GraphQL ê°€ì´ë“œ ì¿¼ë¦¬ ë£¨íŠ¸ ì§„ìž…ì  í˜¸ì¶œ
2025-10-29 16:29:48.393 [http-nio-8080-exec-6] INFO  p.u.d.g.resolver.GuideQueryResolver - getAllGuides ì¿¼ë¦¬ ìš”ì²­ - page: 5, size: 5, sortBy: bookmark
2025-10-29 16:29:48.393 [http-nio-8080-exec-6] INFO  p.u.d.g.service.GuideQueryService - ëª¨ë“  ê°€ì´ë“œ ì¡°íšŒ ìš”ì²­ - page: 5, size: 5, sortBy: bookmark
2025-10-29 16:29:48.440 [http-nio-8080-exec-6] INFO  p.u.d.g.service.GuideQueryService - ëª¨ë“  ê°€ì´ë“œ ì¡°íšŒ ì™„ë£Œ - ì´ ê°€ì´ë“œ ìˆ˜: 28, ì´ íŽ˜ì´ì§€ ìˆ˜: 6, í˜„ìž¬ íŽ˜ì´ì§€: 5
accessToken = eyJhbGciOiJIUzI1NiJ9.eyJjYXRlZ29yeSI6ImFjY2VzcyIsInVzZXJuYW1lIjoiZ29vZ2xlXzExODI1NzI0NTAxMDUwMTkzNDkxNCIsInJvbGUiOiJST0xFX0JTTSIsImlhdCI6MTc2MTY5MzQzMSwiZXhwIjoxODUxNjkzNDMxfQ.66G0dGIcDNkCY2OparF1Gbu3IfbNuHRC5whoi0GKkms
accessToken = eyJhbGciOiJIUzI1NiJ9.eyJjYXRlZ29yeSI6ImFjY2VzcyIsInVzZXJuYW1lIjoiZ29vZ2xlXzExODI1NzI0NTAxMDUwMTkzNDkxNCIsInJvbGUiOiJST0xFX0JTTSIsImlhdCI6MTc2MTY5MzQzMSwiZXhwIjoxODUxNjkzNDMxfQ.66G0dGIcDNkCY2OparF1Gbu3IfbNuHRC5whoi0GKkms
2025-10-29 16:34:39.412 [http-nio-8080-exec-7] INFO  p.u.d.g.r.GuideRootQueryResolver - GraphQL ê°€ì´ë“œ ì¿¼ë¦¬ ë£¨íŠ¸ ì§„ìž…ì  í˜¸ì¶œ
2025-10-29 16:34:39.413 [http-nio-8080-exec-7] INFO  p.u.d.g.resolver.GuideQueryResolver - getAllGuides ì¿¼ë¦¬ ìš”ì²­ - page: 5, size: 5, sortBy: bookmark
2025-10-29 16:34:39.413 [http-nio-8080-exec-7] INFO  p.u.d.g.service.GuideQueryService - ëª¨ë“  ê°€ì´ë“œ ì¡°íšŒ ìš”ì²­ - page: 5, size: 5, sortBy: bookmark
2025-10-29 16:34:39.433 [http-nio-8080-exec-7] INFO  p.u.d.g.service.GuideQueryService - ëª¨ë“  ê°€ì´ë“œ ì¡°íšŒ ì™„ë£Œ - ì´ ê°€ì´ë“œ ìˆ˜: 28, ì´ íŽ˜ì´ì§€ ìˆ˜: 6, í˜„ìž¬ íŽ˜ì´ì§€: 5
accessToken = eyJhbGciOiJIUzI1NiJ9.eyJjYXRlZ29yeSI6ImFjY2VzcyIsInVzZXJuYW1lIjoiZ29vZ2xlXzExODI1NzI0NTAxMDUwMTkzNDkxNCIsInJvbGUiOiJST0xFX0JTTSIsImlhdCI6MTc2MTY5MzQzMSwiZXhwIjoxODUxNjkzNDMxfQ.66G0dGIcDNkCY2OparF1Gbu3IfbNuHRC5whoi0GKkms
accessToken = eyJhbGciOiJIUzI1NiJ9.eyJjYXRlZ29yeSI6ImFjY2VzcyIsInVzZXJuYW1lIjoiZ29vZ2xlXzExODI1NzI0NTAxMDUwMTkzNDkxNCIsInJvbGUiOiJST0xFX0JTTSIsImlhdCI6MTc2MTY5MzQzMSwiZXhwIjoxODUxNjkzNDMxfQ.66G0dGIcDNkCY2OparF1Gbu3IfbNuHRC5whoi0GKkms
2025-10-29 16:34:53.299 [http-nio-8080-exec-9] INFO  p.u.d.g.r.GuideRootQueryResolver - GraphQL ê°€ì´ë“œ ì¿¼ë¦¬ ë£¨íŠ¸ ì§„ìž…ì  í˜¸ì¶œ
2025-10-29 16:34:53.300 [http-nio-8080-exec-9] INFO  p.u.d.g.resolver.GuideQueryResolver - getAllGuides ì¿¼ë¦¬ ìš”ì²­ - page: 1, size: 5, sortBy: bookmark
2025-10-29 16:34:53.300 [http-nio-8080-exec-9] INFO  p.u.d.g.service.GuideQueryService - ëª¨ë“  ê°€ì´ë“œ ì¡°íšŒ ìš”ì²­ - page: 1, size: 5, sortBy: bookmark
2025-10-29 16:34:53.341 [http-nio-8080-exec-9] INFO  p.u.d.g.service.GuideQueryService - ëª¨ë“  ê°€ì´ë“œ ì¡°íšŒ ì™„ë£Œ - ì´ ê°€ì´ë“œ ìˆ˜: 28, ì´ íŽ˜ì´ì§€ ìˆ˜: 6, í˜„ìž¬ íŽ˜ì´ì§€: 1
2025-10-29 16:35:11.583 [SpringApplicationShutdownHook] INFO  o.s.b.w.e.tomcat.GracefulShutdown - Commencing graceful shutdown. Waiting for active requests to complete
2025-10-29 16:35:11.590 [tomcat-shutdown] INFO  o.s.b.w.e.tomcat.GracefulShutdown - Graceful shutdown complete
2025-10-29 16:35:11.634 [SpringApplicationShutdownHook] INFO  p.upik.shared.ai.service.AIService - AIService ì¢…ë£Œ ì¤‘...
2025-10-29 16:35:11.634 [SpringApplicationShutdownHook] INFO  p.upik.shared.ai.service.AIService - AIService ì¢…ë£Œ ì™„ë£Œ
2025-10-29 16:35:11.638 [SpringApplicationShutdownHook] INFO  o.s.o.j.LocalContainerEntityManagerFactoryBean - Closing JPA EntityManagerFactory for persistence unit 'default'
2025-10-29 16:35:11.651 [SpringApplicationShutdownHook] INFO  com.zaxxer.hikari.HikariDataSource - HikariPool-1 - Shutdown initiated...
2025-10-29 16:35:11.691 [SpringApplicationShutdownHook] INFO  com.zaxxer.hikari.HikariDataSource - HikariPool-1 - Shutdown completed.

> Task :bootRun FAILED

[Incubating] Problems report is available at: file:///Users/heodongun/Desktop/upikthirds-master/build/reports/problems/problems-report.html

FAILURE: Build failed with an exception.

* What went wrong:
Execution failed for task ':bootRun'.
> Process 'command '/Library/Java/JavaVirtualMachines/jdk-21.jdk/Contents/Home/bin/java'' finished with non-zero exit value 143

* Try:
> Run with --stacktrace option to get the stack trace.
> Run with --info or --debug option to get more log output.
> Run with --scan to get full insights.
> Get more help at https://help.gradle.org.

Deprecated Gradle features were used in this build, making it incompatible with Gradle 9.0.

You can use '--warning-mode all' to show the individual deprecation warnings and determine if they come from your own scripts or plugins.

For more on this, please refer to https://docs.gradle.org/8.14/userguide/command_line_interface.html#sec:command_line_warnings in the Gradle documentation.

BUILD FAILED in 6m 20s
4 actionable tasks: 1 executed, 3 up-to-date
