2025-09-07 19:35:44.865 [main] INFO  pluto.upik.UpikApplication - Starting UpikApplication using Java 21.0.4 with PID 94581 (/Users/heodongun/Desktop/upik_back-master/build/classes/java/main started by heodongun in /Users/heodongun/Desktop/upik_back-master)
2025-09-07 19:35:44.865 [main] INFO  pluto.upik.UpikApplication - No active profile set, falling back to 1 default profile: "default"
2025-09-07 19:35:45.418 [main] INFO  o.s.d.r.c.RepositoryConfigurationDelegate - Bootstrapping Spring Data JPA repositories in DEFAULT mode.
2025-09-07 19:35:45.515 [main] INFO  o.s.d.r.c.RepositoryConfigurationDelegate - Finished Spring Data repository scanning in 92 ms. Found 19 JPA repository interfaces.
2025-09-07 19:35:45.936 [main] INFO  o.s.b.w.e.tomcat.TomcatWebServer - Tomcat initialized with port 8080 (http)
2025-09-07 19:35:45.943 [main] INFO  o.a.coyote.http11.Http11NioProtocol - Initializing ProtocolHandler ["http-nio-8080"]
2025-09-07 19:35:45.944 [main] INFO  o.a.catalina.core.StandardService - Starting service [Tomcat]
2025-09-07 19:35:45.944 [main] INFO  o.a.catalina.core.StandardEngine - Starting Servlet engine: [Apache Tomcat/10.1.41]
2025-09-07 19:35:45.977 [main] INFO  o.a.c.c.C.[Tomcat].[localhost].[/] - Initializing Spring embedded WebApplicationContext
2025-09-07 19:35:45.977 [main] INFO  o.s.b.w.s.c.ServletWebServerApplicationContext - Root WebApplicationContext: initialization completed in 1092 ms
2025-09-07 19:35:46.308 [main] INFO  o.s.o.j.p.SpringPersistenceUnitInfo - No LoadTimeWeaver setup: ignoring JPA class transformer
2025-09-07 19:35:46.323 [main] INFO  com.zaxxer.hikari.HikariDataSource - HikariPool-1 - Starting...
2025-09-07 19:35:46.385 [main] INFO  com.zaxxer.hikari.pool.HikariPool - HikariPool-1 - Added connection org.mariadb.jdbc.Connection@1d1fd2aa
2025-09-07 19:35:46.386 [main] INFO  com.zaxxer.hikari.HikariDataSource - HikariPool-1 - Start completed.
2025-09-07 19:35:47.044 [main] INFO  o.s.o.j.LocalContainerEntityManagerFactoryBean - Initialized JPA EntityManagerFactory for persistence unit 'default'
2025-09-07 19:35:47.169 [main] INFO  o.s.d.j.r.query.QueryEnhancerFactory - Hibernate is in classpath; If applicable, HQL parser will be used.
2025-09-07 19:35:48.160 [main] WARN  c.g.cloud.translate.TranslateOptions - Ignoring Application Default Credentials GOOGLE_APPLICATION_CREDENTIALS: using explicit setting for API key instead.
2025-09-07 19:35:48.448 [main] WARN  o.s.b.a.o.j.JpaBaseConfiguration$JpaWebConfiguration - spring.jpa.open-in-view is enabled by default. Therefore, database queries may be performed during view rendering. Explicitly configure spring.jpa.open-in-view to disable this warning
2025-09-07 19:35:48.727 [main] INFO  o.s.g.e.DefaultSchemaResourceGraphQlSourceBuilder - Loaded 14 resource(s) in the GraphQL schema.
2025-09-07 19:35:48.829 [main] INFO  o.s.b.a.g.GraphQlAutoConfiguration - GraphQL schema inspection:
	Unmapped fields: {NotificationQuery=[getUnreadNotificationCount], BookmarkQuery=[getBookmarks, isBookmarked, getBookmarkCount, getGuidesSortedByBookmarkCount], RevoteQuery=[getRevoteRequestsByGuideId, getMyRevoteRequests, hasUserRequestedRevote], Query=[board], GuideMutation=[getUserCreatedGuides], RevoteMutation=[createRevoteRequest], Mutation=[board, optionGenerator]}
	Unmapped registrations: {AIQuotaQuery.getRemainingQuota=AIQuotaQueryResolver#getRemainingQuota[2 args], Mutation.boardMutation=BoardRootMutationResolver#boardMutation[0 args], Mutation.reportMutation=ReportRootResolver#reportMutation[0 args], Query.boardQuery=BoardRootQueryResolver#boardQuery[0 args], BookmarkQuery.isGuideBookmarked=BookmarkQueryResolver#isGuideBookmarked[3 args], BookmarkQuery.getRecentGuides=BookmarkQueryResolver#getRecentGuides[2 args], NotificationQuery.hasUnreadNotifications=NotificationQueryResolver#hasUnreadNotifications[2 args], RevoteMutation.createRevote=RevoteMutationResolver#createRevote[4 args], RevoteQuery.getRevotesByGuideId=RevoteQueryResolver#getRevotesByGuideId[3 args], RevoteQuery.hasUserRevotedGuide=RevoteQueryResolver#hasUserRevotedGuide[3 args]}
	Unmapped arguments: {}
	Skipped types: [GuideQuery, KeywordGuideQuery, VoteResponseQuery, OptionGeneratorQuery, VoteResponseMutation]
2025-09-07 19:35:48.844 [main] INFO  o.s.b.a.g.s.GraphQlWebMvcAutoConfiguration - GraphQL endpoint HTTP POST /graphql
2025-09-07 19:35:49.362 [main] INFO  o.a.coyote.http11.Http11NioProtocol - Starting ProtocolHandler ["http-nio-8080"]
2025-09-07 19:35:49.376 [main] INFO  o.s.b.w.e.tomcat.TomcatWebServer - Tomcat started on port 8080 (http) with context path '/'
2025-09-07 19:35:49.385 [main] INFO  pluto.upik.UpikApplication - Started UpikApplication in 4.778 seconds (process running for 10.45)
2025-09-07 19:35:50.544 [SpringApplicationShutdownHook] INFO  o.s.b.w.e.tomcat.GracefulShutdown - Commencing graceful shutdown. Waiting for active requests to complete
2025-09-07 19:35:50.576 [tomcat-shutdown] INFO  o.s.b.w.e.tomcat.GracefulShutdown - Graceful shutdown complete
2025-09-07 19:35:50.610 [SpringApplicationShutdownHook] INFO  p.upik.shared.ai.service.AIService - AIService 종료 중...
2025-09-07 19:35:50.610 [SpringApplicationShutdownHook] INFO  p.upik.shared.ai.service.AIService - AIService 종료 완료
2025-09-07 19:35:50.614 [SpringApplicationShutdownHook] INFO  o.s.o.j.LocalContainerEntityManagerFactoryBean - Closing JPA EntityManagerFactory for persistence unit 'default'
2025-09-07 19:35:50.618 [SpringApplicationShutdownHook] INFO  com.zaxxer.hikari.HikariDataSource - HikariPool-1 - Shutdown initiated...
2025-09-07 19:35:50.638 [SpringApplicationShutdownHook] INFO  com.zaxxer.hikari.HikariDataSource - HikariPool-1 - Shutdown completed.
